<?xml version="1.0" encoding="UTF-8"?>
<!-- Generated by org.testng.reporters.JUnitReportReporter -->
<testsuite skipped="0" hostname="KhodzhidzhasMBP" name="com.neotech.lesson01.TestNGAnnotation" tests="3" failures="0" timestamp="2023-01-03T14:20:21 EST" time="0.016" errors="0">
  <testcase name="test3" time="0.002" classname="com.neotech.lesson01.TestNGAnnotation"/>
  <system-out/>
  <testcase name="test2" time="0.004" classname="com.neotech.lesson01.TestNGAnnotation"/>
  <system-out/>
  <testcase name="test1" time="0.010" classname="com.neotech.lesson01.TestNGAnnotation"/>
  <system-out/>
</testsuite> <!-- com.neotech.lesson01.TestNGAnnotation -->
