<?xml version="1.0" encoding="UTF-8"?>
<!-- Generated by org.testng.reporters.JUnitReportReporter -->
<testsuite skipped="0" hostname="KhodzhidzhasMBP" name="com.neotech.lesson01.TestNGDemo" tests="3" failures="0" timestamp="2023-01-03T13:45:58 EST" time="0.016" errors="0">
  <testcase name="testThree" time="0.003" classname="com.neotech.lesson01.TestNGDemo"/>
  <system-out/>
  <testcase name="testTwo" time="0.002" classname="com.neotech.lesson01.TestNGDemo"/>
  <system-out/>
  <testcase name="testOne" time="0.011" classname="com.neotech.lesson01.TestNGDemo"/>
  <system-out/>
</testsuite> <!-- com.neotech.lesson01.TestNGDemo -->
