<?xml version="1.0" encoding="UTF-8"?>
<!-- Generated by org.testng.reporters.JUnitReportReporter -->
<testsuite skipped="0" hostname="KhodzhidzhasMBP" name="com.neotech.lesson01.MoreTestNGAnnotations" tests="1" failures="0" timestamp="2023-01-03T15:12:59 EST" time="0.009" errors="0">
  <testcase name="test1" time="0.009" classname="com.neotech.lesson01.MoreTestNGAnnotations"/>
  <system-out/>
</testsuite> <!-- com.neotech.lesson01.MoreTestNGAnnotations -->
