<?xml version="1.0" encoding="UTF-8"?>
<!-- Generated by org.testng.reporters.JUnitReportReporter -->
<testsuite skipped="0" hostname="KhodzhidzhasMBP" name="com.neotech.lesson01.TitleAndLoginValidation" tests="2" failures="0" timestamp="2023-01-03T15:59:05 EST" time="25.875" errors="0">
  <testcase name="logoValidation" time="14.340" classname="com.neotech.lesson01.TitleAndLoginValidation"/>
  <system-out/>
  <testcase name="titleValidation" time="11.535" classname="com.neotech.lesson01.TitleAndLoginValidation"/>
  <system-out/>
</testsuite> <!-- com.neotech.lesson01.TitleAndLoginValidation -->
